<?xml version="1.0" encoding="UTF-8"?>
<!-- Generated by org.testng.reporters.JUnitXMLReporter -->
<testsuite ignored="0" hostname="LAPTOP-RBNKP" failures="0" tests="3" name="Test" time="16.662" errors="0" timestamp="2022-05-21T11:02:08 IST">
  <testcase classname="com.testCode.OrangeTesting" name="ora_login" time="16.596"/>
  <testcase classname="com.testCode.LoginTesting" name="testLogin1" time="0.006"/>
  <testcase classname="com.testCode.LoginTesting" name="testLogin2" time="0.0"/>
</testsuite> <!-- Test -->
