<?xml version="1.0" encoding="UTF-8"?>
<testng-results ignored="0" total="3" passed="3" failed="0" skipped="0">
  <reporter-output>
  </reporter-output>
  <suite started-at="2022-05-20T17:31:57 IST" name="Suite" finished-at="2022-05-20T17:32:14 IST" duration-ms="16566">
    <groups>
    </groups>
    <test started-at="2022-05-20T17:31:57 IST" name="Test" finished-at="2022-05-20T17:32:14 IST" duration-ms="16566">
      <class name="com.testCode.LoginTesting">
        <test-method signature="testLogin1()[pri:0, instance:com.testCode.LoginTesting@20d28811]" started-at="2022-05-20T17:32:14 IST" name="testLogin1" finished-at="2022-05-20T17:32:14 IST" duration-ms="7" status="PASS">
          <reporter-output>
          </reporter-output>
        </test-method> <!-- testLogin1 -->
        <test-method signature="testLogin2()[pri:0, instance:com.testCode.LoginTesting@20d28811]" started-at="2022-05-20T17:32:14 IST" name="testLogin2" finished-at="2022-05-20T17:32:14 IST" duration-ms="0" status="PASS">
          <reporter-output>
          </reporter-output>
        </test-method> <!-- testLogin2 -->
      </class> <!-- com.testCode.LoginTesting -->
      <class name="com.testCode.OrangeTesting">
        <test-method signature="ora_login()[pri:0, instance:com.testCode.OrangeTesting@6ac13091]" started-at="2022-05-20T17:31:57 IST" name="ora_login" finished-at="2022-05-20T17:32:14 IST" duration-ms="16483" status="PASS">
          <reporter-output>
          </reporter-output>
        </test-method> <!-- ora_login -->
      </class> <!-- com.testCode.OrangeTesting -->
    </test> <!-- Test -->
  </suite> <!-- Suite -->
</testng-results>
