<?xml version="1.0" encoding="UTF-8"?>
<testng-results ignored="0" total="2" passed="2" failed="0" skipped="0">
  <reporter-output>
  </reporter-output>
  <suite started-at="2022-05-20T11:00:22 IST" name="Default suite" finished-at="2022-05-20T11:00:22 IST" duration-ms="111">
    <groups>
    </groups>
    <test started-at="2022-05-20T11:00:22 IST" name="Default test" finished-at="2022-05-20T11:00:22 IST" duration-ms="111">
      <class name="com.testCode.LoginTesting">
        <test-method signature="testLogin1()[pri:0, instance:com.testCode.LoginTesting@4d5b6aac]" started-at="2022-05-20T11:00:22 IST" name="testLogin1" finished-at="2022-05-20T11:00:22 IST" duration-ms="35" status="PASS">
          <reporter-output>
          </reporter-output>
        </test-method> <!-- testLogin1 -->
        <test-method signature="testLogin2()[pri:0, instance:com.testCode.LoginTesting@4d5b6aac]" started-at="2022-05-20T11:00:22 IST" name="testLogin2" finished-at="2022-05-20T11:00:22 IST" duration-ms="2" status="PASS">
          <reporter-output>
          </reporter-output>
        </test-method> <!-- testLogin2 -->
      </class> <!-- com.testCode.LoginTesting -->
    </test> <!-- Default test -->
  </suite> <!-- Default suite -->
</testng-results>
